<?xml version="1.0" encoding="UTF-8" ?>
<testsuite errors="1" failures="0" hostname="gt2a-001" name="TrabalhoFinalTest" skipped="0" tests="1" time="0.086" timestamp="2018-01-13T15:10:53">
  <properties>
[...]
</properties>
  <testcase classname="TrabalhoFinalTest" name="initializationError" time="0.007">
    <error message="No runnable methods" type="java.lang.Exception">java.lang.Exception: No runnable methods
	at java.lang.reflect.Constructor.newInstance(Constructor.java:423)
</error>
  </testcase>
  <system-out><![CDATA[]]></system-out>
  <system-err><![CDATA[]]></system-err>
</testsuite>
